android/build/intermediates/manifest_merge_blame_file/debug/manifest-merger-blame-debug-report.txt
1<?xml version="1.0" encoding="utf-8"?>
2<manifest xmlns:android="http://schemas.android.com/apk/res/android"
3    package="com.mygdx.ttrispo"
4    android:versionCode="1"
5    android:versionName="1.0" >
6
7    <uses-sdk
8        android:minSdkVersion="15"
8-->ttrispo/android/AndroidManifest.xml
9        android:targetSdkVersion="29" />
9-->ttrispo/android/AndroidManifest.xml
10
11    <!-- Required permission for App measurement to run. -->
12    <uses-permission android:name="android.permission.INTERNET" />
12-->[com.google.firebase:firebase-analytics:9.8.0] AndroidManifest.xml:20:5-66
12-->[com.google.firebase:firebase-analytics:9.8.0] AndroidManifest.xml:20:22-64
13    <uses-permission android:name="android.permission.ACCESS_NETWORK_STATE" />
13-->[com.google.firebase:firebase-analytics:9.8.0] AndroidManifest.xml:21:5-78
13-->[com.google.firebase:firebase-analytics:9.8.0] AndroidManifest.xml:21:22-76
14    <uses-permission android:name="android.permission.WAKE_LOCK" />
14-->[com.google.firebase:firebase-analytics:9.8.0] AndroidManifest.xml:22:5-67
14-->[com.google.firebase:firebase-analytics:9.8.0] AndroidManifest.xml:22:22-65
15    <uses-permission android:name="com.google.android.c2dm.permission.RECEIVE" />
15-->[com.google.firebase:firebase-iid:9.8.0] AndroidManifest.xml:22:5-81
15-->[com.google.firebase:firebase-iid:9.8.0] AndroidManifest.xml:22:22-79
16
17    <permission
17-->[com.google.firebase:firebase-iid:9.8.0] AndroidManifest.xml:24:5-109
18        android:name="com.mygdx.ttrispo.permission.C2D_MESSAGE"
18-->[com.google.firebase:firebase-iid:9.8.0] AndroidManifest.xml:24:17-71
19        android:protectionLevel="signature" />
19-->[com.google.firebase:firebase-iid:9.8.0] AndroidManifest.xml:24:72-107
20
21    <uses-permission android:name="com.mygdx.ttrispo.permission.C2D_MESSAGE" />
21-->[com.google.firebase:firebase-iid:9.8.0] AndroidManifest.xml:26:5-78
21-->[com.google.firebase:firebase-iid:9.8.0] AndroidManifest.xml:26:22-76
22
23    <application
23-->ttrispo/android/AndroidManifest.xml:5:5-22:19
24        android:allowBackup="true"
24-->ttrispo/android/AndroidManifest.xml:6:9-35
25        android:appCategory="game"
25-->ttrispo/android/AndroidManifest.xml:9:9-35
26        android:debuggable="true"
27        android:icon="@drawable/ic_launcher"
27-->ttrispo/android/AndroidManifest.xml:7:9-45
28        android:isGame="true"
28-->ttrispo/android/AndroidManifest.xml:8:9-30
29        android:label="@string/app_name"
29-->ttrispo/android/AndroidManifest.xml:10:9-41
30        android:testOnly="true"
31        android:theme="@style/GdxTheme" >
31-->ttrispo/android/AndroidManifest.xml:11:9-40
32        <activity
32-->ttrispo/android/AndroidManifest.xml:12:9-21:20
33            android:name="com.mygdx.ttrispo.AndroidLauncher"
33-->ttrispo/android/AndroidManifest.xml:13:13-61
34            android:configChanges="keyboard|keyboardHidden|navigation|orientation|screenSize|screenLayout"
34-->ttrispo/android/AndroidManifest.xml:16:13-107
35            android:label="@string/app_name"
35-->ttrispo/android/AndroidManifest.xml:14:13-45
36            android:screenOrientation="portrait" >
36-->ttrispo/android/AndroidManifest.xml:15:13-49
37            <intent-filter>
37-->ttrispo/android/AndroidManifest.xml:17:13-20:29
38                <action android:name="android.intent.action.MAIN" />
38-->ttrispo/android/AndroidManifest.xml:18:17-69
38-->ttrispo/android/AndroidManifest.xml:18:25-66
39
40                <category android:name="android.intent.category.LAUNCHER" />
40-->ttrispo/android/AndroidManifest.xml:19:17-77
40-->ttrispo/android/AndroidManifest.xml:19:27-74
41            </intent-filter>
42        </activity>
43        <!--
44         FirebaseMessagingService performs security checks at runtime,
45             no need for explicit permissions despite exported="true"
46        -->
47        <service
47-->[com.google.firebase:firebase-messaging:9.8.0] AndroidManifest.xml:23:9-27:19
48            android:name="com.google.firebase.messaging.FirebaseMessagingService"
48-->[com.google.firebase:firebase-messaging:9.8.0] AndroidManifest.xml:23:18-87
49            android:exported="true" >
49-->[com.google.firebase:firebase-messaging:9.8.0] AndroidManifest.xml:23:88-111
50            <intent-filter android:priority="-500" >
50-->[com.google.firebase:firebase-messaging:9.8.0] AndroidManifest.xml:24:13-26:29
50-->[com.google.firebase:firebase-messaging:9.8.0] AndroidManifest.xml:24:28-51
51                <action android:name="com.google.firebase.MESSAGING_EVENT" />
51-->[com.google.firebase:firebase-messaging:9.8.0] AndroidManifest.xml:25:17-77
51-->[com.google.firebase:firebase-messaging:9.8.0] AndroidManifest.xml:25:25-75
52            </intent-filter>
53        </service>
54
55        <activity
55-->[com.google.android.gms:play-services-auth:9.8.0] AndroidManifest.xml:20:9-189
56            android:name="com.google.android.gms.auth.api.signin.internal.SignInHubActivity"
56-->[com.google.android.gms:play-services-auth:9.8.0] AndroidManifest.xml:20:19-68
57            android:excludeFromRecents="true"
57-->[com.google.android.gms:play-services-auth:9.8.0] AndroidManifest.xml:20:129-162
58            android:exported="false"
58-->[com.google.android.gms:play-services-auth:9.8.0] AndroidManifest.xml:20:163-187
59            android:theme="@android:style/Theme.Translucent.NoTitleBar" />
59-->[com.google.android.gms:play-services-auth:9.8.0] AndroidManifest.xml:20:69-128
60        <!--
61Service handling Google Sign-In user revocation. For apps that do not integrate with
62            Google Sign-In, this service will never be started.
63        -->
64        <service
64-->[com.google.android.gms:play-services-auth:9.8.0] AndroidManifest.xml:24:9-184
65            android:name="com.google.android.gms.auth.api.signin.RevocationBoundService"
65-->[com.google.android.gms:play-services-auth:9.8.0] AndroidManifest.xml:24:18-63
66            android:exported="true"
66-->[com.google.android.gms:play-services-auth:9.8.0] AndroidManifest.xml:24:64-87
67            android:permission="com.google.android.gms.auth.api.signin.permission.REVOCATION_NOTIFICATION" />
67-->[com.google.android.gms:play-services-auth:9.8.0] AndroidManifest.xml:24:88-182
68
69        <receiver
69-->[com.google.firebase:firebase-analytics:9.8.0] AndroidManifest.xml:25:7-26:18
70            android:name="com.google.android.gms.measurement.AppMeasurementReceiver"
70-->[com.google.firebase:firebase-analytics:9.8.0] AndroidManifest.xml:25:17-89
71            android:enabled="true"
71-->[com.google.firebase:firebase-analytics:9.8.0] AndroidManifest.xml:25:90-112
72            android:exported="false" >
72-->[com.google.firebase:firebase-analytics:9.8.0] AndroidManifest.xml:25:113-137
73        </receiver>
74        <receiver
74-->[com.google.firebase:firebase-analytics:9.8.0] AndroidManifest.xml:27:7-31:18
75            android:name="com.google.android.gms.measurement.AppMeasurementInstallReferrerReceiver"
75-->[com.google.firebase:firebase-analytics:9.8.0] AndroidManifest.xml:27:17-104
76            android:enabled="true"
76-->[com.google.firebase:firebase-analytics:9.8.0] AndroidManifest.xml:27:162-184
77            android:permission="android.permission.INSTALL_PACKAGES" >
77-->[com.google.firebase:firebase-analytics:9.8.0] AndroidManifest.xml:27:105-161
78            <intent-filter>
78-->[com.google.firebase:firebase-analytics:9.8.0] AndroidManifest.xml:28:11-30:27
79                <action android:name="com.android.vending.INSTALL_REFERRER" />
79-->[com.google.firebase:firebase-analytics:9.8.0] AndroidManifest.xml:29:15-76
79-->[com.google.firebase:firebase-analytics:9.8.0] AndroidManifest.xml:29:23-74
80            </intent-filter>
81        </receiver>
82
83        <service
83-->[com.google.firebase:firebase-analytics:9.8.0] AndroidManifest.xml:32:7-137
84            android:name="com.google.android.gms.measurement.AppMeasurementService"
84-->[com.google.firebase:firebase-analytics:9.8.0] AndroidManifest.xml:32:16-87
85            android:enabled="true"
85-->[com.google.firebase:firebase-analytics:9.8.0] AndroidManifest.xml:32:88-110
86            android:exported="false" />
86-->[com.google.firebase:firebase-analytics:9.8.0] AndroidManifest.xml:32:111-135
87
88        <receiver
88-->[com.google.firebase:firebase-iid:9.8.0] AndroidManifest.xml:30:9-36:20
89            android:name="com.google.firebase.iid.FirebaseInstanceIdReceiver"
89-->[com.google.firebase:firebase-iid:9.8.0] AndroidManifest.xml:30:19-84
90            android:exported="true"
90-->[com.google.firebase:firebase-iid:9.8.0] AndroidManifest.xml:30:85-108
91            android:permission="com.google.android.c2dm.permission.SEND" >
91-->[com.google.firebase:firebase-iid:9.8.0] AndroidManifest.xml:30:109-169
92            <intent-filter>
92-->[com.google.firebase:firebase-iid:9.8.0] AndroidManifest.xml:31:13-35:29
93                <action android:name="com.google.android.c2dm.intent.RECEIVE" />
93-->[com.google.firebase:firebase-iid:9.8.0] AndroidManifest.xml:32:17-80
93-->[com.google.firebase:firebase-iid:9.8.0] AndroidManifest.xml:32:25-78
94                <action android:name="com.google.android.c2dm.intent.REGISTRATION" />
94-->[com.google.firebase:firebase-iid:9.8.0] AndroidManifest.xml:33:17-85
94-->[com.google.firebase:firebase-iid:9.8.0] AndroidManifest.xml:33:25-83
95
96                <category android:name="com.mygdx.ttrispo" />
96-->[com.google.firebase:firebase-iid:9.8.0] AndroidManifest.xml:34:17-60
96-->[com.google.firebase:firebase-iid:9.8.0] AndroidManifest.xml:34:27-58
97            </intent-filter>
98        </receiver>
99        <!--
100 Internal (not exported) receiver used by the app to start its own exported services
101             without risk of being spoofed.
102        -->
103        <receiver
103-->[com.google.firebase:firebase-iid:9.8.0] AndroidManifest.xml:40:9-119
104            android:name="com.google.firebase.iid.FirebaseInstanceIdInternalReceiver"
104-->[com.google.firebase:firebase-iid:9.8.0] AndroidManifest.xml:40:19-92
105            android:exported="false" />
105-->[com.google.firebase:firebase-iid:9.8.0] AndroidManifest.xml:40:93-117
106        <!--
107 FirebaseInstanceIdService performs security checks at runtime,
108             no need for explicit permissions despite exported="true"
109        -->
110        <service
110-->[com.google.firebase:firebase-iid:9.8.0] AndroidManifest.xml:44:9-48:19
111            android:name="com.google.firebase.iid.FirebaseInstanceIdService"
111-->[com.google.firebase:firebase-iid:9.8.0] AndroidManifest.xml:44:18-82
112            android:exported="true" >
112-->[com.google.firebase:firebase-iid:9.8.0] AndroidManifest.xml:44:83-106
113            <intent-filter android:priority="-500" >
113-->[com.google.firebase:firebase-iid:9.8.0] AndroidManifest.xml:45:13-47:29
113-->[com.google.firebase:firebase-iid:9.8.0] AndroidManifest.xml:45:28-51
114                <action android:name="com.google.firebase.INSTANCE_ID_EVENT" />
114-->[com.google.firebase:firebase-iid:9.8.0] AndroidManifest.xml:46:17-79
114-->[com.google.firebase:firebase-iid:9.8.0] AndroidManifest.xml:46:25-77
115            </intent-filter>
116        </service>
117
118        <provider
118-->[com.google.firebase:firebase-common:9.8.0] AndroidManifest.xml:6:9-175
119            android:name="com.google.firebase.provider.FirebaseInitProvider"
119-->[com.google.firebase:firebase-common:9.8.0] AndroidManifest.xml:6:79-124
120            android:authorities="com.mygdx.ttrispo.firebaseinitprovider"
120-->[com.google.firebase:firebase-common:9.8.0] AndroidManifest.xml:6:19-78
121            android:exported="false"
121-->[com.google.firebase:firebase-common:9.8.0] AndroidManifest.xml:6:125-149
122            android:initOrder="100" />
122-->[com.google.firebase:firebase-common:9.8.0] AndroidManifest.xml:6:150-173
123
124        <activity
124-->[com.google.android.gms:play-services-base:9.8.0] AndroidManifest.xml:19:9-172
125            android:name="com.google.android.gms.common.api.GoogleApiActivity"
125-->[com.google.android.gms:play-services-base:9.8.0] AndroidManifest.xml:19:19-85
126            android:exported="false"
126-->[com.google.android.gms:play-services-base:9.8.0] AndroidManifest.xml:19:146-170
127            android:theme="@android:style/Theme.Translucent.NoTitleBar" />
127-->[com.google.android.gms:play-services-base:9.8.0] AndroidManifest.xml:19:86-145
128
129        <meta-data
129-->[com.google.android.gms:play-services-basement:9.8.0] AndroidManifest.xml:20:9-121
130            android:name="com.google.android.gms.version"
130-->[com.google.android.gms:play-services-basement:9.8.0] AndroidManifest.xml:20:20-65
131            android:value="@integer/google_play_services_version" />
131-->[com.google.android.gms:play-services-basement:9.8.0] AndroidManifest.xml:20:66-119
132    </application>
133
134</manifest>